#
# There is insufficient memory for the Java Runtime Environment to continue.
# Native memory allocation (malloc) failed to allocate 32744 bytes for ChunkPool::allocate
# Possible reasons:
#   The system is out of physical RAM or swap space
#   In 32 bit mode, the process size limit was hit
# Possible solutions:
#   Reduce memory load on the system
#   Increase physical memory or swap space
#   Check if swap backing store is full
#   Use 64 bit Java on a 64 bit OS
#   Decrease Java heap size (-Xmx/-Xms)
#   Decrease number of Java threads
#   Decrease Java thread stack sizes (-Xss)
#   Set larger code cache with -XX:ReservedCodeCacheSize=
# This output file may be truncated or incomplete.
#
#  Out of Memory Error (allocation.cpp:273), pid=8664, tid=7368
#
# JRE version:  (8.0_60-b27) (build )
# Java VM: Java HotSpot(TM) 64-Bit Server VM (25.60-b23 mixed mode windows-amd64 compressed oops)
# Failed to write core dump. Minidumps are not enabled by default on client versions of Windows
#

---------------  T H R E A D  ---------------

Current thread (0x000000000250e000):  JavaThread "main" [_thread_in_vm, id=7368, stack(0x0000000002f40000,0x0000000003040000)]

Stack: [0x0000000002f40000,0x0000000003040000]
[error occurred during error reporting (printing stack bounds), id 0xc0000005]

Native frames: (J=compiled Java code, j=interpreted, Vv=VM code, C=native code)

Java frames: (J=compiled Java code, j=interpreted, Vv=VM code)
j  java.lang.Class.getDeclaredFields0(Z)[Ljava/lang/reflect/Field;+0
j  java.lang.Class.access$100(Ljava/lang/Class;Z)[Ljava/lang/reflect/Field;+2
j  java.lang.Class$Atomic.<clinit>()V+9
v  ~StubRoutines::call_stub
j  java.lang.Class.newReflectionData(Ljava/lang/ref/SoftReference;I)Ljava/lang/Class$ReflectionData;+27
j  java.lang.Class.reflectionData()Ljava/lang/Class$ReflectionData;+45
j  java.lang.Class.privateGetDeclaredFields(Z)[Ljava/lang/reflect/Field;+4
j  java.lang.Class.getDeclaredField(Ljava/lang/String;)Ljava/lang/reflect/Field;+11
j  java.util.concurrent.atomic.AtomicInteger.<clinit>()V+13
v  ~StubRoutines::call_stub
j  java.lang.ThreadLocal.<clinit>()V+0
v  ~StubRoutines::call_stub
j  java.nio.charset.Charset.<clinit>()V+22
v  ~StubRoutines::call_stub
j  java.lang.System.initProperties(Ljava/util/Properties;)Ljava/util/Properties;+0
j  java.lang.System.initializeSystemClass()V+13
v  ~StubRoutines::call_stub

---------------  P R O C E S S  ---------------

Java Threads: ( => current thread )
  0x00000000561f8800 JavaThread "Finalizer" daemon [_thread_blocked, id=9392, stack(0x00000000583c0000,0x00000000584c0000)]
  0x00000000561f6800 JavaThread "Reference Handler" daemon [_thread_blocked, id=2816, stack(0x0000000058540000,0x0000000058640000)]
=>0x000000000250e000 JavaThread "main" [_thread_in_vm, id=7368, stack(0x0000000002f40000,0x0000000003040000)]

Other Threads:
  0x0000000057262800 VMThread [stack: 0x0000000058290000,0x0000000058390000] [id=10132]

VM state:not at safepoint (normal execution)

VM Mutex/Monitor currently owned by a thread: None

Heap:
 PSYoungGen      total 38400K, used 1331K [0x00000000eab00000, 0x00000000ed580000, 0x0000000100000000)
  eden space 33280K, 4% used [0x00000000eab00000,0x00000000eac4cd80,0x00000000ecb80000)
  from space 5120K, 0% used [0x00000000ed080000,0x00000000ed080000,0x00000000ed580000)
  to   space 5120K, 0% used [0x00000000ecb80000,0x00000000ecb80000,0x00000000ed080000)
 ParOldGen       total 87552K, used 0K [0x00000000c0000000, 0x00000000c5580000, 0x00000000eab00000)
  object space 87552K, 0% used [0x00000000c0000000,0x00000000c0000000,0x00000000c5580000)
 Metaspace       used 1187K, capacity 4480K, committed 4480K, reserved 1056768K
  class space    used 128K, capacity 384K, committed 384K, reserved 1048576K

Card table byte_map: [0x00000000126d0000,0x00000000128e0000] byte_map_base: 0x00000000120d0000

Marking Bits: (ParMarkBitMap*) 0x0000000002d1a5b0
 Begin Bits: [0x0000000013610000, 0x0000000014610000)
 End Bits:   [0x0000000014610000, 0x0000000015610000)

Polling page: 0x0000000000270000

CodeCache: size=245760Kb used=405Kb max_used=405Kb free=245354Kb
 bounds [0x0000000003310000, 0x0000000003580000, 0x0000000012310000]
 total_blobs=106 nmethods=0 adapters=80
 compilation: enabled

Compilation events (0 events):
No events

GC Heap History (0 events):
No events

Deoptimization events (0 events):
No events

Internal exceptions (2 events):
Event: 0.051 Thread 0x000000000250e000 Exception <a 'java/lang/NoSuchMethodError': Method sun.misc.Unsafe.defineClass(Ljava/lang/String;[BII)Ljava/lang/Class; name or signature does not match> (0x00000000eab12e98) thrown at [C:\re\workspace\8-2-build-windows-amd64-cygwin\jdk8u60\4407\hotspot\sr‹9´RãUª?
Event: 0.051 Thread 0x000000000250e000 Exception <a 'java/lang/NoSuchMethodError': Method sun.misc.Unsafe.prefetchRead(Ljava/lang/Object;J)V name or signature does not match> (0x00000000eab13180) thrown at [C:\re\workspace\8-2-build-windows-amd64-cygwin\jdk8u60\4407\hotspot\src\share\vm\prims\j

Events (10 events):
Event: 0.053 loading class sun/reflect/generics/repository/AbstractRepository
Event: 0.053 loading class sun/reflect/generics/repository/AbstractRepository done
Event: 0.053 loading class sun/reflect/generics/repository/GenericDeclRepository done
Event: 0.053 loading class sun/reflect/generics/repository/ClassRepository done
Event: 0.053 loading class java/lang/Class$AnnotationData
Event: 0.053 loading class java/lang/Class$AnnotationData done
Event: 0.053 loading class sun/reflect/annotation/AnnotationType
Event: 0.053 loading class sun/reflect/annotation/AnnotationType done
Event: 0.053 loading class java/lang/ClassValue$ClassValueMap
Event: 0.053 loading class java/util/WeakHashMap


Dynamic libraries:
0x000000013f470000 - 0x000000013f4a7000 	C:\Program Files\Java\jdk1.8.0_60\bin\java.exe
0x00000000770c0000 - 0x000000007726a000 	C:\windows\SYSTEM32\ntdll.dll
0x0000000076fa0000 - 0x00000000770bf000 	C:\windows\system32\kernel32.dll
0x000007fefd070000 - 0x000007fefd0da000 	C:\windows\system32\KERNELBASE.dll
0x000007fefe870000 - 0x000007fefe94b000 	C:\windows\system32\ADVAPI32.dll
0x000007feff100000 - 0x000007feff19f000 	C:\windows\system32\msvcrt.dll
0x000007fefd790000 - 0x000007fefd7af000 	C:\windows\SYSTEM32\sechost.dll
0x000007fefe950000 - 0x000007fefea7d000 	C:\windows\system32\RPCRT4.dll
0x0000000076ea0000 - 0x0000000076f9a000 	C:\windows\system32\USER32.dll
0x000007fefd3d0000 - 0x000007fefd437000 	C:\windows\system32\GDI32.dll
0x000007fefe860000 - 0x000007fefe86e000 	C:\windows\system32\LPK.dll
0x000007fefeb00000 - 0x000007fefebca000 	C:\windows\system32\USP10.dll
0x000007fefb9c0000 - 0x000007fefbbb4000 	C:\windows\WinSxS\amd64_microsoft.windows.common-controls_6595b64144ccf1df_6.0.7601.18837_none_fa3b1e3d17594757\COMCTL32.dll
0x000007feff1f0000 - 0x000007feff261000 	C:\windows\system32\SHLWAPI.dll
0x000007fefce90000 - 0x000007fefcee7000 	C:\windows\system32\apphelp.dll
0x000007feeb930000 - 0x000007feeb981000 	C:\windows\AppPatch\AppPatch64\AcGenral.DLL
0x000007fefce60000 - 0x000007fefce85000 	C:\windows\system32\SspiCli.dll
0x000007fefd8c0000 - 0x000007fefdac3000 	C:\windows\system32\ole32.dll
0x000007fefdad0000 - 0x000007fefe859000 	C:\windows\system32\SHELL32.dll
0x000000006f910000 - 0x000000006f913000 	C:\windows\system32\sfc.dll
0x000007fef71b0000 - 0x000007fef71c0000 	C:\windows\system32\sfc_os.DLL
0x000007fefc360000 - 0x000007fefc37e000 	C:\windows\system32\USERENV.dll
0x000007fefcfc0000 - 0x000007fefcfcf000 	C:\windows\system32\profapi.dll
0x000007fefb510000 - 0x000007fefb528000 	C:\windows\system32\dwmapi.dll
0x000007fef8580000 - 0x000007fef8598000 	C:\windows\system32\MPR.dll
0x000007feff3a0000 - 0x000007feff3ce000 	C:\windows\system32\IMM32.DLL
0x000007fefd7b0000 - 0x000007fefd8b9000 	C:\windows\system32\MSCTF.dll
0x0000000074d40000 - 0x0000000074d79000 	C:\PROGRA~2\Sophos\SOPHOS~1\SOPHOS~2.DLL
0x0000000077290000 - 0x0000000077297000 	C:\windows\system32\PSAPI.DLL
0x0000000078e50000 - 0x0000000078f22000 	C:\Program Files\Java\jdk1.8.0_60\jre\bin\msvcr100.dll
0x0000000002510000 - 0x0000000002d99000 	C:\Program Files\Java\jdk1.8.0_60\jre\bin\server\jvm.dll
0x000007fefae50000 - 0x000007fefae59000 	C:\windows\system32\WSOCK32.dll
0x000007feff1a0000 - 0x000007feff1ed000 	C:\windows\system32\WS2_32.dll
0x000007fefd440000 - 0x000007fefd448000 	C:\windows\system32\NSI.dll
0x000007fefb0d0000 - 0x000007fefb10b000 	C:\windows\system32\WINMM.dll
0x000007fefc350000 - 0x000007fefc35c000 	C:\windows\system32\VERSION.dll
0x0000000060dd0000 - 0x0000000060ddf000 	C:\Program Files\Java\jdk1.8.0_60\jre\bin\verify.dll
0x000000006cb00000 - 0x000000006cb29000 	C:\Program Files\Java\jdk1.8.0_60\jre\bin\java.dll
0x00000000707c0000 - 0x00000000707d6000 	C:\Program Files\Java\jdk1.8.0_60\jre\bin\zip.dll

VM Arguments:
jvm_args: -Xmx1024M -Dfile.encoding=windows-1250 -Duser.country=US -Duser.language=en -Duser.variant 
java_command: com.android.dx.command.Main --dex --num-threads=4 --output C:\Users\gbielanski\MyOwnCard\app\build\intermediates\pre-dexed\debug\classes-f44aa298361ec9b97cdd400175fcab18a521d101.jar C:\Users\gbielanski\MyOwnCard\app\build\intermediates\exploded-aar\com.android.support\appcompat-v7\23.4.0\jars\classes.jar
java_class_path (initial): C:\Users\gbielanski\AppData\Local\Android\sdk1\build-tools\23.0.0\lib\dx.jar
Launcher Type: SUN_STANDARD

Environment Variables:
JAVA_HOME=c:\Program Files (x86)\Java\jre1.8.0_91\
PATH=C:\ProgramData\Oracle\Java\javapath;C:\windows\system32;C:\windows;C:\windows\System32\Wbem;C:\windows\System32\WindowsPowerShell\v1.0\;C:\Program Files (x86)\Git\cmd;C:\Program Files (x86)\GtkSharp\2.12\bin;c:\Python27\;c:\Program Files\Java\jdk1.8.0_102\bin\;c:\Python27\Scripts\;C:\Program Files (x86)\Google\google_appengine\
USERNAME=gbielanski
OS=Windows_NT
PROCESSOR_IDENTIFIER=Intel64 Family 6 Model 42 Stepping 7, GenuineIntel



---------------  S Y S T E M  ---------------

OS: Windows 7 , 64 bit Build 7601 (6.1.7601.23569)

CPU:total 8 (4 cores per cpu, 2 threads per core) family 6 model 42 stepping 7, cmov, cx8, fxsr, mmx, sse, sse2, sse3, ssse3, sse4.1, sse4.2, popcnt, avx, aes, clmul, ht, tsc, tscinvbit

Memory: 4k page, physical 8344624k(890136k free), swap 10390764k(9156k free)

vm_info: Java HotSpot(TM) 64-Bit Server VM (25.60-b23) for windows-amd64 JRE (1.8.0_60-b27), built on Aug  4 2015 11:06:27 by "java_re" with MS VC++ 10.0 (VS2010)

time: Wed Jan 18 14:51:10 2017
elapsed time: 0 seconds (0d 0h 0m 0s)

